Copyright 1986-2021 Xilinx, Inc. All Rights Reserved.
---------------------------------------------------------------------------------------------------------------------------------------------------------------------------------------------------------------
| Tool Version : Vivado v.2021.2 (win64) Build 3367213 Tue Oct 19 02:48:09 MDT 2021
| Date         : Thu Jan 19 23:36:45 2023
| Host         : DESKTOP-AEN7PND running 64-bit major release  (build 9200)
| Command      : report_timing_summary -max_paths 10 -report_unconstrained -file switch_timing_summary_routed.rpt -pb switch_timing_summary_routed.pb -rpx switch_timing_summary_routed.rpx -warn_on_violation
| Design       : switch
| Device       : 7z010-clg400
| Speed File   : -1  PRODUCTION 1.12 2019-11-22
---------------------------------------------------------------------------------------------------------------------------------------------------------------------------------------------------------------

Timing Summary Report

------------------------------------------------------------------------------------------------
| Timer Settings
| --------------
------------------------------------------------------------------------------------------------

  Enable Multi Corner Analysis               :  Yes
  Enable Pessimism Removal                   :  Yes
  Pessimism Removal Resolution               :  Nearest Common Node
  Enable Input Delay Default Clock           :  No
  Enable Preset / Clear Arcs                 :  No
  Disable Flight Delays                      :  No
  Ignore I/O Paths                           :  No
  Timing Early Launch at Borrowing Latches   :  No
  Borrow Time for Max Delay Exceptions       :  Yes
  Merge Timing Exceptions                    :  Yes

  Corner  Analyze    Analyze    
  Name    Max Paths  Min Paths  
  ------  ---------  ---------  
  Slow    Yes        Yes        
  Fast    Yes        Yes        


------------------------------------------------------------------------------------------------
| Report Methodology
| ------------------
------------------------------------------------------------------------------------------------

Rule  Severity  Description  Violations  
----  --------  -----------  ----------  

Note: This report is based on the most recent report_methodology run and may not be up-to-date. Run report_methodology on the current design for the latest report.



check_timing report

Table of Contents
-----------------
1. checking no_clock (0)
2. checking constant_clock (0)
3. checking pulse_width_clock (0)
4. checking unconstrained_internal_endpoints (0)
5. checking no_input_delay (0)
6. checking no_output_delay (0)
7. checking multiple_clock (0)
8. checking generated_clocks (0)
9. checking loops (0)
10. checking partial_input_delay (0)
11. checking partial_output_delay (0)
12. checking latch_loops (0)

1. checking no_clock (0)
------------------------
 There are 0 register/latch pins with no clock.


2. checking constant_clock (0)
------------------------------
 There are 0 register/latch pins with constant_clock.


3. checking pulse_width_clock (0)
---------------------------------
 There are 0 register/latch pins which need pulse_width check


4. checking unconstrained_internal_endpoints (0)
------------------------------------------------
 There are 0 pins that are not constrained for maximum delay.

 There are 0 pins that are not constrained for maximum delay due to constant clock.


5. checking no_input_delay (0)
------------------------------
 There are 0 input ports with no input delay specified.

 There are 0 input ports with no input delay but user has a false path constraint.


6. checking no_output_delay (0)
-------------------------------
 There are 0 ports with no output delay specified.

 There are 0 ports with no output delay but user has a false path constraint

 There are 0 ports with no output delay but with a timing clock defined on it or propagating through it


7. checking multiple_clock (0)
------------------------------
 There are 0 register/latch pins with multiple clocks.


8. checking generated_clocks (0)
--------------------------------
 There are 0 generated clocks that are not connected to a clock source.


9. checking loops (0)
---------------------
 There are 0 combinational loops in the design.


10. checking partial_input_delay (0)
------------------------------------
 There are 0 input ports with partial input delay specified.


11. checking partial_output_delay (0)
-------------------------------------
 There are 0 ports with partial output delay specified.


12. checking latch_loops (0)
----------------------------
 There are 0 combinational latch loops in the design through latch input



------------------------------------------------------------------------------------------------
| Design Timing Summary
| ---------------------
------------------------------------------------------------------------------------------------

    WNS(ns)      TNS(ns)  TNS Failing Endpoints  TNS Total Endpoints      WHS(ns)      THS(ns)  THS Failing Endpoints  THS Total Endpoints     WPWS(ns)     TPWS(ns)  TPWS Failing Endpoints  TPWS Total Endpoints  
    -------      -------  ---------------------  -------------------      -------      -------  ---------------------  -------------------     --------     --------  ----------------------  --------------------  
        inf        0.000                      0                    4          inf        0.000                      0                    4           NA           NA                      NA                    NA  


There are no user specified timing constraints.


------------------------------------------------------------------------------------------------
| Clock Summary
| -------------
------------------------------------------------------------------------------------------------


------------------------------------------------------------------------------------------------
| Intra Clock Table
| -----------------
------------------------------------------------------------------------------------------------

Clock             WNS(ns)      TNS(ns)  TNS Failing Endpoints  TNS Total Endpoints      WHS(ns)      THS(ns)  THS Failing Endpoints  THS Total Endpoints     WPWS(ns)     TPWS(ns)  TPWS Failing Endpoints  TPWS Total Endpoints  
-----             -------      -------  ---------------------  -------------------      -------      -------  ---------------------  -------------------     --------     --------  ----------------------  --------------------  


------------------------------------------------------------------------------------------------
| Inter Clock Table
| -----------------
------------------------------------------------------------------------------------------------

From Clock    To Clock          WNS(ns)      TNS(ns)  TNS Failing Endpoints  TNS Total Endpoints      WHS(ns)      THS(ns)  THS Failing Endpoints  THS Total Endpoints  
----------    --------          -------      -------  ---------------------  -------------------      -------      -------  ---------------------  -------------------  


------------------------------------------------------------------------------------------------
| Other Path Groups Table
| -----------------------
------------------------------------------------------------------------------------------------

Path Group    From Clock    To Clock          WNS(ns)      TNS(ns)  TNS Failing Endpoints  TNS Total Endpoints      WHS(ns)      THS(ns)  THS Failing Endpoints  THS Total Endpoints  
----------    ----------    --------          -------      -------  ---------------------  -------------------      -------      -------  ---------------------  -------------------  


------------------------------------------------------------------------------------------------
| User Ignored Path Table
| -----------------------
------------------------------------------------------------------------------------------------

Path Group    From Clock    To Clock    
----------    ----------    --------    


------------------------------------------------------------------------------------------------
| Unconstrained Path Table
| ------------------------
------------------------------------------------------------------------------------------------

Path Group    From Clock    To Clock    
----------    ----------    --------    
(none)                                    


------------------------------------------------------------------------------------------------
| Timing Details
| --------------
------------------------------------------------------------------------------------------------


--------------------------------------------------------------------------------------
Path Group:  (none)
From Clock:  
  To Clock:  

Max Delay             4 Endpoints
Min Delay             4 Endpoints
--------------------------------------------------------------------------------------


Max Delay Paths
--------------------------------------------------------------------------------------
Slack:                    inf
  Source:                 SWITCHES[3]
                            (input port)
  Destination:            LEDS[3]
                            (output port)
  Path Group:             (none)
  Path Type:              Max at Slow Process Corner
  Data Path Delay:        8.512ns  (logic 5.038ns (59.184%)  route 3.474ns (40.816%))
  Logic Levels:           2  (IBUF=1 OBUF=1)

    Location             Delay type                Incr(ns)  Path(ns)    Netlist Resource(s)
  -------------------------------------------------------------------    -------------------
    T16                                               0.000     0.000 r  SWITCHES[3] (IN)
                         net (fo=0)                   0.000     0.000    SWITCHES[3]
    T16                  IBUF (Prop_ibuf_I_O)         1.528     1.528 r  SWITCHES_IBUF[3]_inst/O
                         net (fo=1, routed)           3.474     5.003    LEDS_OBUF[3]
    D18                  OBUF (Prop_obuf_I_O)         3.510     8.512 r  LEDS_OBUF[3]_inst/O
                         net (fo=0)                   0.000     8.512    LEDS[3]
    D18                                                               r  LEDS[3] (OUT)
  -------------------------------------------------------------------    -------------------

Slack:                    inf
  Source:                 SWITCHES[2]
                            (input port)
  Destination:            LEDS[2]
                            (output port)
  Path Group:             (none)
  Path Type:              Max at Slow Process Corner
  Data Path Delay:        8.485ns  (logic 5.025ns (59.220%)  route 3.460ns (40.780%))
  Logic Levels:           2  (IBUF=1 OBUF=1)

    Location             Delay type                Incr(ns)  Path(ns)    Netlist Resource(s)
  -------------------------------------------------------------------    -------------------
    W13                                               0.000     0.000 r  SWITCHES[2] (IN)
                         net (fo=0)                   0.000     0.000    SWITCHES[2]
    W13                  IBUF (Prop_ibuf_I_O)         1.539     1.539 r  SWITCHES_IBUF[2]_inst/O
                         net (fo=1, routed)           3.460     4.999    LEDS_OBUF[2]
    G14                  OBUF (Prop_obuf_I_O)         3.485     8.485 r  LEDS_OBUF[2]_inst/O
                         net (fo=0)                   0.000     8.485    LEDS[2]
    G14                                                               r  LEDS[2] (OUT)
  -------------------------------------------------------------------    -------------------

Slack:                    inf
  Source:                 SWITCHES[1]
                            (input port)
  Destination:            LEDS[1]
                            (output port)
  Path Group:             (none)
  Path Type:              Max at Slow Process Corner
  Data Path Delay:        8.178ns  (logic 4.990ns (61.013%)  route 3.189ns (38.987%))
  Logic Levels:           2  (IBUF=1 OBUF=1)

    Location             Delay type                Incr(ns)  Path(ns)    Netlist Resource(s)
  -------------------------------------------------------------------    -------------------
    P15                                               0.000     0.000 r  SWITCHES[1] (IN)
                         net (fo=0)                   0.000     0.000    SWITCHES[1]
    P15                  IBUF (Prop_ibuf_I_O)         1.451     1.451 r  SWITCHES_IBUF[1]_inst/O
                         net (fo=1, routed)           3.189     4.639    LEDS_OBUF[1]
    M15                  OBUF (Prop_obuf_I_O)         3.539     8.178 r  LEDS_OBUF[1]_inst/O
                         net (fo=0)                   0.000     8.178    LEDS[1]
    M15                                                               r  LEDS[1] (OUT)
  -------------------------------------------------------------------    -------------------

Slack:                    inf
  Source:                 SWITCHES[0]
                            (input port)
  Destination:            LEDS[0]
                            (output port)
  Path Group:             (none)
  Path Type:              Max at Slow Process Corner
  Data Path Delay:        7.119ns  (logic 4.984ns (70.005%)  route 2.135ns (29.995%))
  Logic Levels:           2  (IBUF=1 OBUF=1)

    Location             Delay type                Incr(ns)  Path(ns)    Netlist Resource(s)
  -------------------------------------------------------------------    -------------------
    G15                                               0.000     0.000 r  SWITCHES[0] (IN)
                         net (fo=0)                   0.000     0.000    SWITCHES[0]
    G15                  IBUF (Prop_ibuf_I_O)         1.452     1.452 r  SWITCHES_IBUF[0]_inst/O
                         net (fo=1, routed)           2.135     3.588    LEDS_OBUF[0]
    M14                  OBUF (Prop_obuf_I_O)         3.531     7.119 r  LEDS_OBUF[0]_inst/O
                         net (fo=0)                   0.000     7.119    LEDS[0]
    M14                                                               r  LEDS[0] (OUT)
  -------------------------------------------------------------------    -------------------





Min Delay Paths
--------------------------------------------------------------------------------------
Slack:                    inf
  Source:                 SWITCHES[0]
                            (input port)
  Destination:            LEDS[0]
                            (output port)
  Path Group:             (none)
  Path Type:              Min at Fast Process Corner
  Data Path Delay:        1.901ns  (logic 1.453ns (76.417%)  route 0.448ns (23.583%))
  Logic Levels:           2  (IBUF=1 OBUF=1)

    Location             Delay type                Incr(ns)  Path(ns)    Netlist Resource(s)
  -------------------------------------------------------------------    -------------------
    G15                                               0.000     0.000 r  SWITCHES[0] (IN)
                         net (fo=0)                   0.000     0.000    SWITCHES[0]
    G15                  IBUF (Prop_ibuf_I_O)         0.220     0.220 r  SWITCHES_IBUF[0]_inst/O
                         net (fo=1, routed)           0.448     0.669    LEDS_OBUF[0]
    M14                  OBUF (Prop_obuf_I_O)         1.232     1.901 r  LEDS_OBUF[0]_inst/O
                         net (fo=0)                   0.000     1.901    LEDS[0]
    M14                                                               r  LEDS[0] (OUT)
  -------------------------------------------------------------------    -------------------

Slack:                    inf
  Source:                 SWITCHES[1]
                            (input port)
  Destination:            LEDS[1]
                            (output port)
  Path Group:             (none)
  Path Type:              Min at Fast Process Corner
  Data Path Delay:        2.313ns  (logic 1.459ns (63.060%)  route 0.855ns (36.940%))
  Logic Levels:           2  (IBUF=1 OBUF=1)

    Location             Delay type                Incr(ns)  Path(ns)    Netlist Resource(s)
  -------------------------------------------------------------------    -------------------
    P15                                               0.000     0.000 r  SWITCHES[1] (IN)
                         net (fo=0)                   0.000     0.000    SWITCHES[1]
    P15                  IBUF (Prop_ibuf_I_O)         0.219     0.219 r  SWITCHES_IBUF[1]_inst/O
                         net (fo=1, routed)           0.855     1.073    LEDS_OBUF[1]
    M15                  OBUF (Prop_obuf_I_O)         1.240     2.313 r  LEDS_OBUF[1]_inst/O
                         net (fo=0)                   0.000     2.313    LEDS[1]
    M15                                                               r  LEDS[1] (OUT)
  -------------------------------------------------------------------    -------------------

Slack:                    inf
  Source:                 SWITCHES[2]
                            (input port)
  Destination:            LEDS[2]
                            (output port)
  Path Group:             (none)
  Path Type:              Min at Fast Process Corner
  Data Path Delay:        2.457ns  (logic 1.493ns (60.767%)  route 0.964ns (39.233%))
  Logic Levels:           2  (IBUF=1 OBUF=1)

    Location             Delay type                Incr(ns)  Path(ns)    Netlist Resource(s)
  -------------------------------------------------------------------    -------------------
    W13                                               0.000     0.000 r  SWITCHES[2] (IN)
                         net (fo=0)                   0.000     0.000    SWITCHES[2]
    W13                  IBUF (Prop_ibuf_I_O)         0.306     0.306 r  SWITCHES_IBUF[2]_inst/O
                         net (fo=1, routed)           0.964     1.270    LEDS_OBUF[2]
    G14                  OBUF (Prop_obuf_I_O)         1.187     2.457 r  LEDS_OBUF[2]_inst/O
                         net (fo=0)                   0.000     2.457    LEDS[2]
    G14                                                               r  LEDS[2] (OUT)
  -------------------------------------------------------------------    -------------------

Slack:                    inf
  Source:                 SWITCHES[3]
                            (input port)
  Destination:            LEDS[3]
                            (output port)
  Path Group:             (none)
  Path Type:              Min at Fast Process Corner
  Data Path Delay:        2.498ns  (logic 1.506ns (60.309%)  route 0.991ns (39.691%))
  Logic Levels:           2  (IBUF=1 OBUF=1)

    Location             Delay type                Incr(ns)  Path(ns)    Netlist Resource(s)
  -------------------------------------------------------------------    -------------------
    T16                                               0.000     0.000 r  SWITCHES[3] (IN)
                         net (fo=0)                   0.000     0.000    SWITCHES[3]
    T16                  IBUF (Prop_ibuf_I_O)         0.296     0.296 r  SWITCHES_IBUF[3]_inst/O
                         net (fo=1, routed)           0.991     1.287    LEDS_OBUF[3]
    D18                  OBUF (Prop_obuf_I_O)         1.211     2.498 r  LEDS_OBUF[3]_inst/O
                         net (fo=0)                   0.000     2.498    LEDS[3]
    D18                                                               r  LEDS[3] (OUT)
  -------------------------------------------------------------------    -------------------





