
*** Running vivado
    with args -log jackpot.vds -m64 -product Vivado -mode batch -messageDb vivado.pb -notrace -source jackpot.tcl



****** Vivado v2022.2 (64-bit)
  **** SW Build 3671981 on Fri Oct 14 05:00:03 MDT 2022
  **** IP Build 3669848 on Fri Oct 14 08:30:02 MDT 2022
    ** Copyright 1986-2022 Xilinx, Inc. All Rights Reserved.

source jackpot.tcl -notrace
create_project: Time (s): cpu = 00:00:09 ; elapsed = 00:00:09 . Memory (MB): peak = 395.480 ; gain = 70.676
Command: read_checkpoint -auto_incremental -incremental D:/TAMU/Spring23/ECEN449/ecen449_lab/Lab1/lab1.srcs/utils_1/imports/synth_1/switch.dcp
INFO: [Vivado 12-5825] Read reference checkpoint from D:/TAMU/Spring23/ECEN449/ecen449_lab/Lab1/lab1.srcs/utils_1/imports/synth_1/switch.dcp for incremental synthesis
INFO: [Vivado 12-7989] Please ensure there are no constraint changes
Command: synth_design -top jackpot -part xc7z010clg400-1
Starting synth_design
Attempting to get a license for feature 'Synthesis' and/or device 'xc7z010'
INFO: [Common 17-349] Got license for feature 'Synthesis' and/or device 'xc7z010'
INFO: [Device 21-403] Loading part xc7z010clg400-1
INFO: [Designutils 20-5440] No compile time benefit to using incremental synthesis; A full resynthesis will be run
INFO: [Designutils 20-4379] Flow is switching to default flow due to incremental criteria not met. If you would like to alter this behaviour and have the flow terminate instead, please set the following parameter config_implementation {autoIncr.Synth.RejectBehavior Terminate}
INFO: [Synth 8-7079] Multithreading enabled for synth_design using a maximum of 2 processes.
INFO: [Synth 8-7078] Launching helper process for spawning children vivado processes
INFO: [Synth 8-7075] Helper process launched with PID 18016
INFO: [Synth 8-11241] undeclared symbol 'REGCCE', assumed default net type 'wire' [C:/Xilinx/Vivado/2022.2/data/verilog/src/unimacro/BRAM_SINGLE_MACRO.v:2170]
---------------------------------------------------------------------------------
Starting RTL Elaboration : Time (s): cpu = 00:00:10 ; elapsed = 00:00:10 . Memory (MB): peak = 1208.262 ; gain = 409.297
---------------------------------------------------------------------------------
INFO: [Synth 8-6157] synthesizing module 'jackpot' [D:/TAMU/Spring23/ECEN449/ecen449_lab/Lab1/lab1.srcs/sources_1/new/jackpot.v:3]
INFO: [Synth 8-6157] synthesizing module 'clock_divider' [D:/TAMU/Spring23/ECEN449/ecen449_lab/Lab1/lab1.srcs/sources_1/new/jackpot.v:49]
INFO: [Synth 8-6155] done synthesizing module 'clock_divider' (0#1) [D:/TAMU/Spring23/ECEN449/ecen449_lab/Lab1/lab1.srcs/sources_1/new/jackpot.v:49]
WARNING: [Synth 8-689] width (1) of port connection 'ClkOut' does not match port width (4) of module 'clock_divider' [D:/TAMU/Spring23/ECEN449/ecen449_lab/Lab1/lab1.srcs/sources_1/new/jackpot.v:17]
INFO: [Synth 8-155] case statement is not full and has no default [D:/TAMU/Spring23/ECEN449/ecen449_lab/Lab1/lab1.srcs/sources_1/new/jackpot.v:33]
INFO: [Synth 8-6155] done synthesizing module 'jackpot' (0#1) [D:/TAMU/Spring23/ECEN449/ecen449_lab/Lab1/lab1.srcs/sources_1/new/jackpot.v:3]
---------------------------------------------------------------------------------
Finished RTL Elaboration : Time (s): cpu = 00:00:13 ; elapsed = 00:00:14 . Memory (MB): peak = 1297.523 ; gain = 498.559
---------------------------------------------------------------------------------
---------------------------------------------------------------------------------
Start Handling Custom Attributes
---------------------------------------------------------------------------------
---------------------------------------------------------------------------------
Finished Handling Custom Attributes : Time (s): cpu = 00:00:13 ; elapsed = 00:00:14 . Memory (MB): peak = 1297.523 ; gain = 498.559
---------------------------------------------------------------------------------
---------------------------------------------------------------------------------
Finished RTL Optimization Phase 1 : Time (s): cpu = 00:00:13 ; elapsed = 00:00:14 . Memory (MB): peak = 1297.523 ; gain = 498.559
---------------------------------------------------------------------------------
Netlist sorting complete. Time (s): cpu = 00:00:00 ; elapsed = 00:00:00 . Memory (MB): peak = 1297.523 ; gain = 0.000
INFO: [Project 1-570] Preparing netlist for logic optimization

Processing XDC Constraints
Initializing timing engine
Parsing XDC File [D:/TAMU/Spring23/ECEN449/ecen449_lab/Lab1/lab1.srcs/constrs_1/new/switch.xdc]
Finished Parsing XDC File [D:/TAMU/Spring23/ECEN449/ecen449_lab/Lab1/lab1.srcs/constrs_1/new/switch.xdc]
INFO: [Project 1-236] Implementation specific constraints were found while reading constraint file [D:/TAMU/Spring23/ECEN449/ecen449_lab/Lab1/lab1.srcs/constrs_1/new/switch.xdc]. These constraints will be ignored for synthesis but will be used in implementation. Impacted constraints are listed in the file [.Xil/jackpot_propImpl.xdc].
Resolution: To avoid this warning, move constraints listed in [.Xil/jackpot_propImpl.xdc] to another XDC file and exclude this new file from synthesis with the used_in_synthesis property (File Properties dialog in GUI) and re-run elaboration/synthesis.
Parsing XDC File [D:/TAMU/Spring23/ECEN449/ecen449_lab/Lab1/lab1.srcs/constrs_1/new/four_bit_counter.xdc]
WARNING: [Vivado 12-584] No ports matched 'BTN[0]'. [D:/TAMU/Spring23/ECEN449/ecen449_lab/Lab1/lab1.srcs/constrs_1/new/four_bit_counter.xdc:31]
CRITICAL WARNING: [Common 17-55] 'set_property' expects at least one object. [D:/TAMU/Spring23/ECEN449/ecen449_lab/Lab1/lab1.srcs/constrs_1/new/four_bit_counter.xdc:31]
Resolution: If [get_<value>] was used to populate the object, check to make sure this command returns at least one valid object.
WARNING: [Vivado 12-584] No ports matched 'BTN[0]'. [D:/TAMU/Spring23/ECEN449/ecen449_lab/Lab1/lab1.srcs/constrs_1/new/four_bit_counter.xdc:32]
CRITICAL WARNING: [Common 17-55] 'set_property' expects at least one object. [D:/TAMU/Spring23/ECEN449/ecen449_lab/Lab1/lab1.srcs/constrs_1/new/four_bit_counter.xdc:32]
Resolution: If [get_<value>] was used to populate the object, check to make sure this command returns at least one valid object.
WARNING: [Vivado 12-584] No ports matched 'BTN[1]'. [D:/TAMU/Spring23/ECEN449/ecen449_lab/Lab1/lab1.srcs/constrs_1/new/four_bit_counter.xdc:34]
CRITICAL WARNING: [Common 17-55] 'set_property' expects at least one object. [D:/TAMU/Spring23/ECEN449/ecen449_lab/Lab1/lab1.srcs/constrs_1/new/four_bit_counter.xdc:34]
Resolution: If [get_<value>] was used to populate the object, check to make sure this command returns at least one valid object.
WARNING: [Vivado 12-584] No ports matched 'BTN[1]'. [D:/TAMU/Spring23/ECEN449/ecen449_lab/Lab1/lab1.srcs/constrs_1/new/four_bit_counter.xdc:35]
CRITICAL WARNING: [Common 17-55] 'set_property' expects at least one object. [D:/TAMU/Spring23/ECEN449/ecen449_lab/Lab1/lab1.srcs/constrs_1/new/four_bit_counter.xdc:35]
Resolution: If [get_<value>] was used to populate the object, check to make sure this command returns at least one valid object.
Finished Parsing XDC File [D:/TAMU/Spring23/ECEN449/ecen449_lab/Lab1/lab1.srcs/constrs_1/new/four_bit_counter.xdc]
INFO: [Project 1-236] Implementation specific constraints were found while reading constraint file [D:/TAMU/Spring23/ECEN449/ecen449_lab/Lab1/lab1.srcs/constrs_1/new/four_bit_counter.xdc]. These constraints will be ignored for synthesis but will be used in implementation. Impacted constraints are listed in the file [.Xil/jackpot_propImpl.xdc].
Resolution: To avoid this warning, move constraints listed in [.Xil/jackpot_propImpl.xdc] to another XDC file and exclude this new file from synthesis with the used_in_synthesis property (File Properties dialog in GUI) and re-run elaboration/synthesis.
Parsing XDC File [D:/TAMU/Spring23/ECEN449/ecen449_lab/Lab1/lab1.srcs/constrs_1/new/jackpot.xdc]
Finished Parsing XDC File [D:/TAMU/Spring23/ECEN449/ecen449_lab/Lab1/lab1.srcs/constrs_1/new/jackpot.xdc]
INFO: [Project 1-236] Implementation specific constraints were found while reading constraint file [D:/TAMU/Spring23/ECEN449/ecen449_lab/Lab1/lab1.srcs/constrs_1/new/jackpot.xdc]. These constraints will be ignored for synthesis but will be used in implementation. Impacted constraints are listed in the file [.Xil/jackpot_propImpl.xdc].
Resolution: To avoid this warning, move constraints listed in [.Xil/jackpot_propImpl.xdc] to another XDC file and exclude this new file from synthesis with the used_in_synthesis property (File Properties dialog in GUI) and re-run elaboration/synthesis.
Completed Processing XDC Constraints

Netlist sorting complete. Time (s): cpu = 00:00:00 ; elapsed = 00:00:00 . Memory (MB): peak = 1376.637 ; gain = 0.000
INFO: [Project 1-111] Unisim Transformation Summary:
No Unisim elements were transformed.

Constraint Validation Runtime : Time (s): cpu = 00:00:00 ; elapsed = 00:00:00.003 . Memory (MB): peak = 1376.637 ; gain = 0.000
INFO: [Designutils 20-5440] No compile time benefit to using incremental synthesis; A full resynthesis will be run
INFO: [Designutils 20-4379] Flow is switching to default flow due to incremental criteria not met. If you would like to alter this behaviour and have the flow terminate instead, please set the following parameter config_implementation {autoIncr.Synth.RejectBehavior Terminate}
INFO: [Synth 8-11241] undeclared symbol 'REGCCE', assumed default net type 'wire' [C:/Xilinx/Vivado/2022.2/data/verilog/src/unimacro/BRAM_SINGLE_MACRO.v:2170]
---------------------------------------------------------------------------------
Finished Constraint Validation : Time (s): cpu = 00:00:27 ; elapsed = 00:00:28 . Memory (MB): peak = 1376.637 ; gain = 577.672
---------------------------------------------------------------------------------
---------------------------------------------------------------------------------
Start Loading Part and Timing Information
---------------------------------------------------------------------------------
Loading part: xc7z010clg400-1
---------------------------------------------------------------------------------
Finished Loading Part and Timing Information : Time (s): cpu = 00:00:27 ; elapsed = 00:00:28 . Memory (MB): peak = 1376.637 ; gain = 577.672
---------------------------------------------------------------------------------
---------------------------------------------------------------------------------
Start Applying 'set_property' XDC Constraints
---------------------------------------------------------------------------------
---------------------------------------------------------------------------------
Finished applying 'set_property' XDC Constraints : Time (s): cpu = 00:00:27 ; elapsed = 00:00:28 . Memory (MB): peak = 1376.637 ; gain = 577.672
---------------------------------------------------------------------------------
---------------------------------------------------------------------------------
Finished RTL Optimization Phase 2 : Time (s): cpu = 00:00:27 ; elapsed = 00:00:29 . Memory (MB): peak = 1376.637 ; gain = 577.672
---------------------------------------------------------------------------------
---------------------------------------------------------------------------------
Start RTL Component Statistics 
---------------------------------------------------------------------------------
Detailed RTL Component Info : 
+---Registers : 
	                4 Bit    Registers := 1     
+---Muxes : 
	   6 Input    4 Bit        Muxes := 1     
	   6 Input    1 Bit        Muxes := 1     
---------------------------------------------------------------------------------
Finished RTL Component Statistics 
---------------------------------------------------------------------------------
---------------------------------------------------------------------------------
Start Part Resource Summary
---------------------------------------------------------------------------------
Part Resources:
DSPs: 80 (col length:40)
BRAMs: 120 (col length: RAMB18 40 RAMB36 20)
---------------------------------------------------------------------------------
Finished Part Resource Summary
---------------------------------------------------------------------------------
---------------------------------------------------------------------------------
Start Cross Boundary and Area Optimization
---------------------------------------------------------------------------------
WARNING: [Synth 8-7080] Parallel synthesis criteria is not met
---------------------------------------------------------------------------------
Finished Cross Boundary and Area Optimization : Time (s): cpu = 00:00:31 ; elapsed = 00:00:33 . Memory (MB): peak = 1376.637 ; gain = 577.672
---------------------------------------------------------------------------------
---------------------------------------------------------------------------------
Start Applying XDC Timing Constraints
---------------------------------------------------------------------------------
---------------------------------------------------------------------------------
Finished Applying XDC Timing Constraints : Time (s): cpu = 00:00:41 ; elapsed = 00:00:43 . Memory (MB): peak = 1376.637 ; gain = 577.672
---------------------------------------------------------------------------------
---------------------------------------------------------------------------------
Start Timing Optimization
---------------------------------------------------------------------------------
---------------------------------------------------------------------------------
Finished Timing Optimization : Time (s): cpu = 00:00:41 ; elapsed = 00:00:43 . Memory (MB): peak = 1376.637 ; gain = 577.672
---------------------------------------------------------------------------------
---------------------------------------------------------------------------------
Start Technology Mapping
---------------------------------------------------------------------------------
---------------------------------------------------------------------------------
Finished Technology Mapping : Time (s): cpu = 00:00:41 ; elapsed = 00:00:43 . Memory (MB): peak = 1376.637 ; gain = 577.672
---------------------------------------------------------------------------------
---------------------------------------------------------------------------------
Start IO Insertion
---------------------------------------------------------------------------------
---------------------------------------------------------------------------------
Start Flattening Before IO Insertion
---------------------------------------------------------------------------------
---------------------------------------------------------------------------------
Finished Flattening Before IO Insertion
---------------------------------------------------------------------------------
---------------------------------------------------------------------------------
Start Final Netlist Cleanup
---------------------------------------------------------------------------------
---------------------------------------------------------------------------------
Finished Final Netlist Cleanup
---------------------------------------------------------------------------------
---------------------------------------------------------------------------------
Finished IO Insertion : Time (s): cpu = 00:00:50 ; elapsed = 00:00:52 . Memory (MB): peak = 1376.637 ; gain = 577.672
---------------------------------------------------------------------------------
---------------------------------------------------------------------------------
Start Renaming Generated Instances
---------------------------------------------------------------------------------
---------------------------------------------------------------------------------
Finished Renaming Generated Instances : Time (s): cpu = 00:00:50 ; elapsed = 00:00:52 . Memory (MB): peak = 1376.637 ; gain = 577.672
---------------------------------------------------------------------------------
---------------------------------------------------------------------------------
Start Rebuilding User Hierarchy
---------------------------------------------------------------------------------
---------------------------------------------------------------------------------
Finished Rebuilding User Hierarchy : Time (s): cpu = 00:00:50 ; elapsed = 00:00:52 . Memory (MB): peak = 1376.637 ; gain = 577.672
---------------------------------------------------------------------------------
---------------------------------------------------------------------------------
Start Renaming Generated Ports
---------------------------------------------------------------------------------
---------------------------------------------------------------------------------
Finished Renaming Generated Ports : Time (s): cpu = 00:00:50 ; elapsed = 00:00:52 . Memory (MB): peak = 1376.637 ; gain = 577.672
---------------------------------------------------------------------------------
---------------------------------------------------------------------------------
Start Handling Custom Attributes
---------------------------------------------------------------------------------
---------------------------------------------------------------------------------
Finished Handling Custom Attributes : Time (s): cpu = 00:00:50 ; elapsed = 00:00:52 . Memory (MB): peak = 1376.637 ; gain = 577.672
---------------------------------------------------------------------------------
---------------------------------------------------------------------------------
Start Renaming Generated Nets
---------------------------------------------------------------------------------
---------------------------------------------------------------------------------
Finished Renaming Generated Nets : Time (s): cpu = 00:00:50 ; elapsed = 00:00:52 . Memory (MB): peak = 1376.637 ; gain = 577.672
---------------------------------------------------------------------------------
---------------------------------------------------------------------------------
Start Writing Synthesis Report
---------------------------------------------------------------------------------

Report BlackBoxes: 
+-+--------------+----------+
| |BlackBox name |Instances |
+-+--------------+----------+
+-+--------------+----------+

Report Cell Usage: 
+------+-------+------+
|      |Cell   |Count |
+------+-------+------+
|1     |BUFG   |     1|
|2     |CARRY4 |     6|
|3     |LUT1   |     1|
|4     |LUT4   |     3|
|5     |LUT6   |     6|
|6     |FDRE   |    27|
|7     |IBUF   |     6|
|8     |OBUF   |     4|
+------+-------+------+
---------------------------------------------------------------------------------
Finished Writing Synthesis Report : Time (s): cpu = 00:00:50 ; elapsed = 00:00:52 . Memory (MB): peak = 1376.637 ; gain = 577.672
---------------------------------------------------------------------------------
Synthesis finished with 0 errors, 0 critical warnings and 1 warnings.
Synthesis Optimization Runtime : Time (s): cpu = 00:00:34 ; elapsed = 00:00:50 . Memory (MB): peak = 1376.637 ; gain = 498.559
Synthesis Optimization Complete : Time (s): cpu = 00:00:50 ; elapsed = 00:00:53 . Memory (MB): peak = 1376.637 ; gain = 577.672
INFO: [Project 1-571] Translating synthesized netlist
Netlist sorting complete. Time (s): cpu = 00:00:00 ; elapsed = 00:00:00.001 . Memory (MB): peak = 1376.637 ; gain = 0.000
INFO: [Netlist 29-17] Analyzing 6 Unisim elements for replacement
INFO: [Netlist 29-28] Unisim Transformation completed in 0 CPU seconds
INFO: [Project 1-570] Preparing netlist for logic optimization
INFO: [Opt 31-138] Pushed 0 inverter(s) to 0 load pin(s).
Netlist sorting complete. Time (s): cpu = 00:00:00 ; elapsed = 00:00:00 . Memory (MB): peak = 1376.637 ; gain = 0.000
INFO: [Project 1-111] Unisim Transformation Summary:
No Unisim elements were transformed.

Synth Design complete, checksum: e52f982f
INFO: [Common 17-83] Releasing license: Synthesis
30 Infos, 6 Warnings, 4 Critical Warnings and 0 Errors encountered.
synth_design completed successfully
synth_design: Time (s): cpu = 00:00:59 ; elapsed = 00:01:03 . Memory (MB): peak = 1376.637 ; gain = 956.266
INFO: [runtcl-6] Synthesis results are not added to the cache due to CRITICAL_WARNING
INFO: [Common 17-1381] The checkpoint 'D:/TAMU/Spring23/ECEN449/ecen449_lab/Lab1/lab1.runs/synth_1/jackpot.dcp' has been generated.
INFO: [runtcl-4] Executing : report_utilization -file jackpot_utilization_synth.rpt -pb jackpot_utilization_synth.pb
INFO: [Common 17-206] Exiting Vivado at Sat Jan 21 22:56:00 2023...
