Copyright 1986-2018 Xilinx, Inc. All Rights Reserved.
-------------------------------------------------------------------------------------------------------------------------------------------------------
| Tool Version     : Vivado v.2018.3 (win64) Build 2405991 Thu Dec  6 23:38:27 MST 2018
| Date             : Mon Feb 13 22:42:41 2023
| Host             : DESKTOP-O42HKUL running 64-bit major release  (build 9200)
| Command          : report_power -file sbl_wrapper_power_routed.rpt -pb sbl_wrapper_power_summary_routed.pb -rpx sbl_wrapper_power_routed.rpx
| Design           : sbl_wrapper
| Device           : xc7z010clg400-1
| Design State     : routed
| Grade            : commercial
| Process          : typical
| Characterization : Production
-------------------------------------------------------------------------------------------------------------------------------------------------------

Power Report

Table of Contents
-----------------
1. Summary
1.1 On-Chip Components
1.2 Power Supply Summary
1.3 Confidence Level
2. Settings
2.1 Environment
2.2 Clock Constraints
3. Detailed Reports
3.1 By Hierarchy

1. Summary
----------

+--------------------------+--------------+
| Total On-Chip Power (W)  | 0.226        |
| Design Power Budget (W)  | Unspecified* |
| Power Budget Margin (W)  | NA           |
| Dynamic (W)              | 0.131        |
| Device Static (W)        | 0.095        |
| Effective TJA (C/W)      | 11.5         |
| Max Ambient (C)          | 82.4         |
| Junction Temperature (C) | 27.6         |
| Confidence Level         | Low          |
| Setting File             | ---          |
| Simulation Activity File | ---          |
| Design Nets Matched      | NA           |
+--------------------------+--------------+
* Specify Design Power Budget using, set_operating_conditions -design_power_budget <value in Watts>


1.1 On-Chip Components
----------------------

+--------------------------+-----------+----------+-----------+-----------------+
| On-Chip                  | Power (W) | Used     | Available | Utilization (%) |
+--------------------------+-----------+----------+-----------+-----------------+
| Clocks                   |     0.009 |       10 |       --- |             --- |
| Slice Logic              |     0.003 |     3895 |       --- |             --- |
|   LUT as Logic           |     0.002 |     1366 |     17600 |            7.76 |
|   LUT as Distributed RAM |    <0.001 |       64 |      6000 |            1.07 |
|   Register               |    <0.001 |     1412 |     35200 |            4.01 |
|   CARRY4                 |    <0.001 |       40 |      4400 |            0.91 |
|   F7/F8 Muxes            |    <0.001 |      111 |     17600 |            0.63 |
|   LUT as Shift Register  |    <0.001 |       80 |      6000 |            1.33 |
|   Others                 |    <0.001 |      472 |       --- |             --- |
| Signals                  |     0.006 |     2682 |       --- |             --- |
| Block RAM                |     0.006 |       16 |        60 |           26.67 |
| MMCM                     |     0.106 |        1 |         2 |           50.00 |
| I/O                      |    <0.001 |       13 |       100 |           13.00 |
| Static Power             |     0.095 |          |           |                 |
| Total                    |     0.226 |          |           |                 |
+--------------------------+-----------+----------+-----------+-----------------+


1.2 Power Supply Summary
------------------------

+-----------+-------------+-----------+-------------+------------+
| Source    | Voltage (V) | Total (A) | Dynamic (A) | Static (A) |
+-----------+-------------+-----------+-------------+------------+
| Vccint    |       1.000 |     0.029 |       0.024 |      0.004 |
| Vccaux    |       1.800 |     0.064 |       0.059 |      0.006 |
| Vcco33    |       3.300 |     0.001 |       0.000 |      0.001 |
| Vcco25    |       2.500 |     0.000 |       0.000 |      0.000 |
| Vcco18    |       1.800 |     0.000 |       0.000 |      0.000 |
| Vcco15    |       1.500 |     0.000 |       0.000 |      0.000 |
| Vcco135   |       1.350 |     0.000 |       0.000 |      0.000 |
| Vcco12    |       1.200 |     0.000 |       0.000 |      0.000 |
| Vccaux_io |       1.800 |     0.000 |       0.000 |      0.000 |
| Vccbram   |       1.000 |     0.001 |       0.001 |      0.001 |
| MGTAVcc   |       1.000 |     0.000 |       0.000 |      0.000 |
| MGTAVtt   |       1.200 |     0.000 |       0.000 |      0.000 |
| MGTVccaux |       1.800 |     0.000 |       0.000 |      0.000 |
| Vccpint   |       1.000 |     0.017 |       0.000 |      0.017 |
| Vccpaux   |       1.800 |     0.010 |       0.000 |      0.010 |
| Vccpll    |       1.800 |     0.003 |       0.000 |      0.003 |
| Vcco_ddr  |       1.500 |     0.000 |       0.000 |      0.000 |
| Vcco_mio0 |       1.800 |     0.000 |       0.000 |      0.000 |
| Vcco_mio1 |       1.800 |     0.000 |       0.000 |      0.000 |
| Vccadc    |       1.800 |     0.020 |       0.000 |      0.020 |
+-----------+-------------+-----------+-------------+------------+


1.3 Confidence Level
--------------------

+-----------------------------+------------+--------------------------------------------------------+------------------------------------------------------------------------------------------------------------+
| User Input Data             | Confidence | Details                                                | Action                                                                                                     |
+-----------------------------+------------+--------------------------------------------------------+------------------------------------------------------------------------------------------------------------+
| Design implementation state | High       | Design is routed                                       |                                                                                                            |
| Clock nodes activity        | High       | User specified more than 95% of clocks                 |                                                                                                            |
| I/O nodes activity          | Low        | More than 75% of inputs are missing user specification | Provide missing input activity with simulation results or by editing the "By Resource Type -> I/Os" view   |
| Internal nodes activity     | Medium     | User specified less than 25% of internal nodes         | Provide missing internal nodes activity with simulation results or by editing the "By Resource Type" views |
| Device models               | High       | Device models are Production                           |                                                                                                            |
|                             |            |                                                        |                                                                                                            |
| Overall confidence level    | Low        |                                                        |                                                                                                            |
+-----------------------------+------------+--------------------------------------------------------+------------------------------------------------------------------------------------------------------------+


2. Settings
-----------

2.1 Environment
---------------

+-----------------------+------------------------+
| Ambient Temp (C)      | 25.0                   |
| ThetaJA (C/W)         | 11.5                   |
| Airflow (LFM)         | 250                    |
| Heat Sink             | none                   |
| ThetaSA (C/W)         | 0.0                    |
| Board Selection       | medium (10"x10")       |
| # of Board Layers     | 8to11 (8 to 11 Layers) |
| Board Temperature (C) | 25.0                   |
+-----------------------+------------------------+


2.2 Clock Constraints
---------------------

+-------------------------------------------------------+-----------------------------------------------+-----------------+
| Clock                                                 | Domain                                        | Constraint (ns) |
+-------------------------------------------------------+-----------------------------------------------+-----------------+
| clk_100MHz                                            | clk_100MHz                                    |            10.0 |
| clk_out1_sbl_clk_wiz_1_0                              | sbl_i/clk_wiz_1/inst/clk_out1_sbl_clk_wiz_1_0 |            10.0 |
| clk_out1_sbl_clk_wiz_1_0_1                            | sbl_i/clk_wiz_1/inst/clk_out1_sbl_clk_wiz_1_0 |            10.0 |
| clkfbout_sbl_clk_wiz_1_0                              | sbl_i/clk_wiz_1/inst/clkfbout_sbl_clk_wiz_1_0 |            10.0 |
| clkfbout_sbl_clk_wiz_1_0_1                            | sbl_i/clk_wiz_1/inst/clkfbout_sbl_clk_wiz_1_0 |            10.0 |
| sbl_i/mdm_1/U0/Use_E2.BSCAN_I/Use_E2.BSCANE2_I/DRCK   | sbl_i/mdm_1/U0/Use_E2.BSCAN_I/DRCK            |            33.3 |
| sbl_i/mdm_1/U0/Use_E2.BSCAN_I/Use_E2.BSCANE2_I/UPDATE | sbl_i/mdm_1/U0/Use_E2.BSCAN_I/Ext_JTAG_UPDATE |            33.3 |
| sys_clk_pin                                           | clk_100MHz                                    |            10.0 |
+-------------------------------------------------------+-----------------------------------------------+-----------------+


3. Detailed Reports
-------------------

3.1 By Hierarchy
----------------

+-------------------------------+-----------+
| Name                          | Power (W) |
+-------------------------------+-----------+
| sbl_wrapper                   |     0.131 |
|   sbl_i                       |     0.130 |
|     clk_wiz_1                 |     0.106 |
|       inst                    |     0.106 |
|     microblaze_0              |     0.014 |
|       U0                      |     0.014 |
|     microblaze_0_axi_periph   |     0.001 |
|       xbar                    |     0.001 |
|     microblaze_0_local_memory |     0.006 |
|       lmb_bram                |     0.006 |
+-------------------------------+-----------+


